<?xml version="1.0" encoding="UTF-8"?>
<!-- Generated by org.testng.reporters.JUnitReportReporter -->
<testsuite hostname="IB-SEZ-LAP-1104.local" failures="0" tests="1" name="com.google.tests.GoogleSearchTest" time="3.256" errors="0" timestamp="2024-03-28T22:21:47 IST" skipped="0">
  <testcase classname="com.google.tests.GoogleSearchTest" name="validateGoogleResult" time="3.256"/>
</testsuite> <!-- com.google.tests.GoogleSearchTest -->
